2022/06/04:10:30   User  Note    selamudev has logged out
2022/06/04:10:30   User  Note    selamudev has logged in
2022/06/04:10:30   User  Note    selamudev has logged out
2022/06/04:10:31   User  Note    selamudev has logged in
2022/06/05:12:00   User  Note    teklemulatu has signuped
2022/06/05:12:44   User  Note    selamudev has changed profile image
2022/06/05:12:49   User  Note    selamudev has logged out
2022/06/05:01:10   User  Note    selamudev has logged out
2022/06/05:01:20   User  Note    updatedertale tour changed the value of duration to  13
2022/06/05:04:57   User  Note    selamudev has changed profile image
2022/06/05:07:40   User  Note    selamudev has changed profile image
2022/06/05:07:40   User  Note    selamudev has changed profile image
2022/06/05:07:40   User  Note    selamudev has changed profile image
2022/06/05:07:43   User  Note    selamudev has changed profile image
2022/06/05:07:47   User  Note    selamudev has changed profile image
2022/06/05:07:49   User  Note    selamudev has changed profile image

2022/06/08:10:03   User  Note    selamudev has changed profile image
2022/06/08:10:21   User  Note    selamudev has logged out
2022/06/08:10:21   User  Note    selamudev has logged
2022/06/08:10:22   User  Note    selamudev has logged out
2022/06/08:10:22   User  Note    selamudev has logged
2022/06/08:10:22   User  Note    selamudev has logged out
2022/06/08:10:26   User  Note    selamudev has logged
2022/06/08:10:40   User  Note    selamudev has logged out
2022/06/08:10:40   User  Note    selamudev has logged
2022/06/08:10:57   User  Note    selamudev has logged out
2022/06/08:10:58   User  Note    selamudev has logged
2022/06/08:10:58   User  Note    selamudev has changed password
2022/06/08:10:59   User  Note    selamudev has logged out
2022/06/08:10:59   User  Note    selamudev has logged
2022/06/08:11:04   User  Note    selamudev has logged out
2022/06/08:11:05   User  Note    samuel45 has logged
2022/06/08:11:15   User  Note    samuel45 has changed profile image
2022/06/08:11:18   User  Note    samuel45 has logged out
2022/06/08:11:18   User  Note    selamudev has logged
2022/06/08:11:31   User  Note    selamudev has logged out
2022/06/08:11:31   User  Note    selamudev has logged